<?xml version="1.0" encoding="UTF-8"?>
<!-- Generated by org.testng.reporters.JUnitXMLReporter -->
<testsuite hostname="CO-IT00385" ignored="0" name="Default test" tests="3" failures="0" timestamp="29 Mar 2020 23:18:34 GMT" time="0.034" errors="0">
  <testcase name="crearCuenta" time="0.009" classname="com.academy.web.tests.Taller11"/>
  <testcase name="iniciarSesion" time="0.002" classname="com.academy.web.tests.Taller11"/>
  <testcase name="cancelarCuenta" time="0.002" classname="com.academy.web.tests.Taller11"/>
</testsuite> <!-- Default test -->
