<?xml version="1.0" encoding="UTF-8"?>
<!-- Generated by org.testng.reporters.JUnitXMLReporter -->
<testsuite hostname="CO-IT00385" ignored="1" name="example run" tests="1" failures="0" timestamp="28 Mar 2020 03:32:25 GMT" time="0.026" errors="0">
  <testcase name="crearCuenta" time="0.006" classname="com.academy.web.tests.Taller1"/>
  <testcase name="cancelarCuenta" time="0.0" classname="com.academy.web.tests.Taller1">
    <ignored/>
  </testcase> <!-- cancelarCuenta -->
</testsuite> <!-- example run -->
